$ vite build
vite v7.1.4 building for production...
transforming...
✓ 38 modules transformed.
✗ Build failed in 751ms
error during build:
[@tailwindcss/vite:generate:build] Can't resolve '@opencode-ai/ui/styles/tailwind' in '/home/guilherme/Documentos/GG.AI/PLATAFORMAS/kilocode/packages/ggai-ui/src/styles/tailwind'
file: /home/guilherme/Documentos/GG.AI/PLATAFORMAS/kilocode/packages/app/src/index.css
    at finishWithoutResolve (/home/guilherme/Documentos/GG.AI/PLATAFORMAS/kilocode/node_modules/.bun/enhanced-resolve@5.19.0/node_modules/enhanced-resolve/lib/Resolver.js:586:18)
    at /home/guilherme/Documentos/GG.AI/PLATAFORMAS/kilocode/node_modules/.bun/enhanced-resolve@5.19.0/node_modules/enhanced-resolve/lib/Resolver.js:678:14
    at /home/guilherme/Documentos/GG.AI/PLATAFORMAS/kilocode/node_modules/.bun/enhanced-resolve@5.19.0/node_modules/enhanced-resolve/lib/Resolver.js:739:5
    at eval (eval at create (/home/guilherme/Documentos/GG.AI/PLATAFORMAS/kilocode/node_modules/.bun/tapable@2.3.0/node_modules/tapable/lib/HookCodeFactory.js:31:10), <anonymous>:15:1)
    at /home/guilherme/Documentos/GG.AI/PLATAFORMAS/kilocode/node_modules/.bun/enhanced-resolve@5.19.0/node_modules/enhanced-resolve/lib/Resolver.js:739:5
    at eval (eval at create (/home/guilherme/Documentos/GG.AI/PLATAFORMAS/kilocode/node_modules/.bun/tapable@2.3.0/node_modules/tapable/lib/HookCodeFactory.js:31:10), <anonymous>:27:1)
    at /home/guilherme/Documentos/GG.AI/PLATAFORMAS/kilocode/node_modules/.bun/enhanced-resolve@5.19.0/node_modules/enhanced-resolve/lib/DescriptionFilePlugin.js:89:43
    at /home/guilherme/Documentos/GG.AI/PLATAFORMAS/kilocode/node_modules/.bun/enhanced-resolve@5.19.0/node_modules/enhanced-resolve/lib/Resolver.js:739:5
    at eval (eval at create (/home/guilherme/Documentos/GG.AI/PLATAFORMAS/kilocode/node_modules/.bun/tapable@2.3.0/node_modules/tapable/lib/HookCodeFactory.js:31:10), <anonymous>:15:1)
    at /home/guilherme/Documentos/GG.AI/PLATAFORMAS/kilocode/node_modules/.bun/enhanced-resolve@5.19.0/node_modules/enhanced-resolve/lib/Resolver.js:739:5
    at eval (eval at create (/home/guilherme/Documentos/GG.AI/PLATAFORMAS/kilocode/node_modules/.bun/tapable@2.3.0/node_modules/tapable/lib/HookCodeFactory.js:31:10), <anonymous>:15:1)
    at /home/guilherme/Documentos/GG.AI/PLATAFORMAS/kilocode/node_modules/.bun/enhanced-resolve@5.19.0/node_modules/enhanced-resolve/lib/Resolver.js:739:5
    at eval (eval at create (/home/guilherme/Documentos/GG.AI/PLATAFORMAS/kilocode/node_modules/.bun/tapable@2.3.0/node_modules/tapable/lib/HookCodeFactory.js:31:10), <anonymous>:42:1)
    at /home/guilherme/Documentos/GG.AI/PLATAFORMAS/kilocode/node_modules/.bun/enhanced-resolve@5.19.0/node_modules/enhanced-resolve/lib/ConditionalPlugin.js:53:42
    at /home/guilherme/Documentos/GG.AI/PLATAFORMAS/kilocode/node_modules/.bun/enhanced-resolve@5.19.0/node_modules/enhanced-resolve/lib/Resolver.js:739:5
    at eval (eval at create (/home/guilherme/Documentos/GG.AI/PLATAFORMAS/kilocode/node_modules/.bun/tapable@2.3.0/node_modules/tapable/lib/HookCodeFactory.js:31:10), <anonymous>:16:1)
    at /home/guilherme/Documentos/GG.AI/PLATAFORMAS/kilocode/node_modules/.bun/enhanced-resolve@5.19.0/node_modules/enhanced-resolve/lib/forEachBail.js:39:13
    at /home/guilherme/Documentos/GG.AI/PLATAFORMAS/kilocode/node_modules/.bun/enhanced-resolve@5.19.0/node_modules/enhanced-resolve/lib/ModulesUtils.js:74:12
    at SyncAsyncFileSystemDecorator.stat (/home/guilherme/Documentos/GG.AI/PLATAFORMAS/kilocode/node_modules/.bun/enhanced-resolve@5.19.0/node_modules/enhanced-resolve/lib/SyncAsyncFileSystemDecorator.js:66:34)
    at /home/guilherme/Documentos/GG.AI/PLATAFORMAS/kilocode/node_modules/.bun/enhanced-resolve@5.19.0/node_modules/enhanced-resolve/lib/ModulesUtils.js:50:7
    at next (/home/guilherme/Documentos/GG.AI/PLATAFORMAS/kilocode/node_modules/.bun/enhanced-resolve@5.19.0/node_modules/enhanced-resolve/lib/forEachBail.js:35:3)
    at forEachBail (/home/guilherme/Documentos/GG.AI/PLATAFORMAS/kilocode/node_modules/.bun/enhanced-resolve@5.19.0/node_modules/enhanced-resolve/lib/forEachBail.js:49:9)
    at modulesResolveHandler (/home/guilherme/Documentos/GG.AI/PLATAFORMAS/kilocode/node_modules/.bun/enhanced-resolve@5.19.0/node_modules/enhanced-resolve/lib/ModulesUtils.js:42:2)
    at /home/guilherme/Documentos/GG.AI/PLATAFORMAS/kilocode/node_modules/.bun/enhanced-resolve@5.19.0/node_modules/enhanced-resolve/lib/ModulesInHierarchicalDirectoriesPlugin.js:36:6
    at _next0 (eval at create (/home/guilherme/Documentos/GG.AI/PLATAFORMAS/kilocode/node_modules/.bun/tapable@2.3.0/node_modules/tapable/lib/HookCodeFactory.js:31:10), <anonymous>:8:1)
    at eval (eval at create (/home/guilherme/Documentos/GG.AI/PLATAFORMAS/kilocode/node_modules/.bun/tapable@2.3.0/node_modules/tapable/lib/HookCodeFactory.js:31:10), <anonymous>:30:1)
    at /home/guilherme/Documentos/GG.AI/PLATAFORMAS/kilocode/node_modules/.bun/enhanced-resolve@5.19.0/node_modules/enhanced-resolve/lib/SelfReferencePlugin.js:78:13
    at Hook.eval [as callAsync] (eval at create (/home/guilherme/Documentos/GG.AI/PLATAFORMAS/kilocode/node_modules/.bun/tapable@2.3.0/node_modules/tapable/lib/HookCodeFactory.js:31:10), <anonymous>:22:1)
    at Resolver.doResolve (/home/guilherme/Documentos/GG.AI/PLATAFORMAS/kilocode/node_modules/.bun/enhanced-resolve@5.19.0/node_modules/enhanced-resolve/lib/Resolver.js:736:16)
    at /home/guilherme/Documentos/GG.AI/PLATAFORMAS/kilocode/node_modules/.bun/enhanced-resolve@5.19.0/node_modules/enhanced-resolve/lib/ConditionalPlugin.js:42:14
    at Hook.eval [as callAsync] (eval at create (/home/guilherme/Documentos/GG.AI/PLATAFORMAS/kilocode/node_modules/.bun/tapable@2.3.0/node_modules/tapable/lib/HookCodeFactory.js:31:10), <anonymous>:37:1)
    at Resolver.doResolve (/home/guilherme/Documentos/GG.AI/PLATAFORMAS/kilocode/node_modules/.bun/enhanced-resolve@5.19.0/node_modules/enhanced-resolve/lib/Resolver.js:736:16)
    at /home/guilherme/Documentos/GG.AI/PLATAFORMAS/kilocode/node_modules/.bun/enhanced-resolve@5.19.0/node_modules/enhanced-resolve/lib/NextPlugin.js:30:14
    at Hook.eval [as callAsync] (eval at create (/home/guilherme/Documentos/GG.AI/PLATAFORMAS/kilocode/node_modules/.bun/tapable@2.3.0/node_modules/tapable/lib/HookCodeFactory.js:31:10), <anonymous>:7:1)
    at Resolver.doResolve (/home/guilherme/Documentos/GG.AI/PLATAFORMAS/kilocode/node_modules/.bun/enhanced-resolve@5.19.0/node_modules/enhanced-resolve/lib/Resolver.js:736:16)
    at /home/guilherme/Documentos/GG.AI/PLATAFORMAS/kilocode/node_modules/.bun/enhanced-resolve@5.19.0/node_modules/enhanced-resolve/lib/NextPlugin.js:30:14
    at Hook.eval [as callAsync] (eval at create (/home/guilherme/Documentos/GG.AI/PLATAFORMAS/kilocode/node_modules/.bun/tapable@2.3.0/node_modules/tapable/lib/HookCodeFactory.js:31:10), <anonymous>:7:1)
    at Resolver.doResolve (/home/guilherme/Documentos/GG.AI/PLATAFORMAS/kilocode/node_modules/.bun/enhanced-resolve@5.19.0/node_modules/enhanced-resolve/lib/Resolver.js:736:16)
    at /home/guilherme/Documentos/GG.AI/PLATAFORMAS/kilocode/node_modules/.bun/enhanced-resolve@5.19.0/node_modules/enhanced-resolve/lib/DescriptionFilePlugin.js:80:17
    at /home/guilherme/Documentos/GG.AI/PLATAFORMAS/kilocode/node_modules/.bun/enhanced-resolve@5.19.0/node_modules/enhanced-resolve/lib/DescriptionFileUtils.js:161:24
    at /home/guilherme/Documentos/GG.AI/PLATAFORMAS/kilocode/node_modules/.bun/enhanced-resolve@5.19.0/node_modules/enhanced-resolve/lib/forEachBail.js:39:13
    at onJson (/home/guilherme/Documentos/GG.AI/PLATAFORMAS/kilocode/node_modules/.bun/enhanced-resolve@5.19.0/node_modules/enhanced-resolve/lib/DescriptionFileUtils.js:96:6)
    at /home/guilherme/Documentos/GG.AI/PLATAFORMAS/kilocode/node_modules/.bun/enhanced-resolve@5.19.0/node_modules/enhanced-resolve/lib/DescriptionFileUtils.js:123:7
    at SyncAsyncFileSystemDecorator.readJson (/home/guilherme/Documentos/GG.AI/PLATAFORMAS/kilocode/node_modules/.bun/enhanced-resolve@5.19.0/node_modules/enhanced-resolve/lib/SyncAsyncFileSystemDecorator.js:204:6)
    at /home/guilherme/Documentos/GG.AI/PLATAFORMAS/kilocode/node_modules/.bun/enhanced-resolve@5.19.0/node_modules/enhanced-resolve/lib/DescriptionFileUtils.js:104:26
    at next (/home/guilherme/Documentos/GG.AI/PLATAFORMAS/kilocode/node_modules/.bun/enhanced-resolve@5.19.0/node_modules/enhanced-resolve/lib/forEachBail.js:35:3)
    at forEachBail (/home/guilherme/Documentos/GG.AI/PLATAFORMAS/kilocode/node_modules/.bun/enhanced-resolve@5.19.0/node_modules/enhanced-resolve/lib/forEachBail.js:49:9)
    at findDescriptionFile (/home/guilherme/Documentos/GG.AI/PLATAFORMAS/kilocode/node_modules/.bun/enhanced-resolve@5.19.0/node_modules/enhanced-resolve/lib/DescriptionFileUtils.js:70:3)
    at /home/guilherme/Documentos/GG.AI/PLATAFORMAS/kilocode/node_modules/.bun/enhanced-resolve@5.19.0/node_modules/enhanced-resolve/lib/DescriptionFileUtils.js:167:12
    at /home/guilherme/Documentos/GG.AI/PLATAFORMAS/kilocode/node_modules/.bun/enhanced-resolve@5.19.0/node_modules/enhanced-resolve/lib/forEachBail.js:39:13
error: script "build" exited with code 1
